Build started 5/6/2016 6:58:20 PM.
     1>Project "C:\Users\DavidX2X\Desktop\Important stuff\Computer Science\C++\C++ project 5 final\C++ project 5 final\C++ project 5 final.vcxproj" on node 2 (Build target(s)).
     1>ClCompile:
         C:\Program Files (x86)\Microsoft Visual Studio 11.0\VC\bin\CL.exe /c /ZI /nologo /W3 /WX- /sdl /Od /Oy- /D _MBCS /Gm /EHsc /RTC1 /MDd /GS /fp:precise /Zc:wchar_t /Zc:forScope /Fo"Debug\\" /Fd"Debug\vc110.pdb" /Gd /TP /analyze- /errorReport:prompt Source.cpp
         Source.cpp
     1>c:\users\davidx2x\desktop\important stuff\computer science\c++\c++ project 5 final\c++ project 5 final\source.cpp(149): warning C4244: 'return' : conversion from 'double' to 'float', possible loss of data
     1>c:\users\davidx2x\desktop\important stuff\computer science\c++\c++ project 5 final\c++ project 5 final\source.cpp(155): warning C4244: '=' : conversion from 'const double' to 'float', possible loss of data
     1>c:\users\davidx2x\desktop\important stuff\computer science\c++\c++ project 5 final\c++ project 5 final\source.cpp(156): warning C4244: 'return' : conversion from 'const double' to 'float', possible loss of data
     1>c:\users\davidx2x\desktop\important stuff\computer science\c++\c++ project 5 final\c++ project 5 final\source.cpp(290): warning C4244: 'return' : conversion from 'double' to 'float', possible loss of data
     1>c:\users\davidx2x\desktop\important stuff\computer science\c++\c++ project 5 final\c++ project 5 final\source.cpp(296): warning C4244: '=' : conversion from 'const double' to 'float', possible loss of data
     1>c:\users\davidx2x\desktop\important stuff\computer science\c++\c++ project 5 final\c++ project 5 final\source.cpp(297): warning C4244: 'return' : conversion from 'const double' to 'float', possible loss of data
     1>c:\users\davidx2x\desktop\important stuff\computer science\c++\c++ project 5 final\c++ project 5 final\source.cpp(427): warning C4244: 'return' : conversion from 'double' to 'float', possible loss of data
     1>c:\users\davidx2x\desktop\important stuff\computer science\c++\c++ project 5 final\c++ project 5 final\source.cpp(433): warning C4244: '=' : conversion from 'const double' to 'float', possible loss of data
     1>c:\users\davidx2x\desktop\important stuff\computer science\c++\c++ project 5 final\c++ project 5 final\source.cpp(434): warning C4244: 'return' : conversion from 'const double' to 'float', possible loss of data
     1>c:\users\davidx2x\desktop\important stuff\computer science\c++\c++ project 5 final\c++ project 5 final\source.cpp(665): warning C4244: 'return' : conversion from 'double' to 'float', possible loss of data
     1>c:\users\davidx2x\desktop\important stuff\computer science\c++\c++ project 5 final\c++ project 5 final\source.cpp(671): warning C4244: '=' : conversion from 'const double' to 'float', possible loss of data
     1>c:\users\davidx2x\desktop\important stuff\computer science\c++\c++ project 5 final\c++ project 5 final\source.cpp(672): warning C4244: 'return' : conversion from 'const double' to 'float', possible loss of data
       Link:
         C:\Program Files (x86)\Microsoft Visual Studio 11.0\VC\bin\link.exe /ERRORREPORT:PROMPT /OUT:"C:\Users\DavidX2X\Desktop\Important stuff\Computer Science\C++\C++ project 5 final\Debug\C++ project 5 final.exe" /INCREMENTAL /NOLOGO kernel32.lib user32.lib gdi32.lib winspool.lib comdlg32.lib advapi32.lib shell32.lib ole32.lib oleaut32.lib uuid.lib odbc32.lib odbccp32.lib /MANIFEST /MANIFESTUAC:"level='asInvoker' uiAccess='false'" /manifest:embed /DEBUG /PDB:"C:\Users\DavidX2X\Desktop\Important stuff\Computer Science\C++\C++ project 5 final\Debug\C++ project 5 final.pdb" /TLBID:1 /DYNAMICBASE /NXCOMPAT /IMPLIB:"C:\Users\DavidX2X\Desktop\Important stuff\Computer Science\C++\C++ project 5 final\Debug\C++ project 5 final.lib" /MACHINE:X86 Debug\Source.obj
         C++ project 5 final.vcxproj -> C:\Users\DavidX2X\Desktop\Important stuff\Computer Science\C++\C++ project 5 final\Debug\C++ project 5 final.exe
     1>Done Building Project "C:\Users\DavidX2X\Desktop\Important stuff\Computer Science\C++\C++ project 5 final\C++ project 5 final\C++ project 5 final.vcxproj" (Build target(s)).

Build succeeded.

Time Elapsed 00:00:26.78
